20181126 14:18:10
./run.sh start
20181126 14:25:05
./run.sh start
20181126 14:28:26
./run.sh info
20181126 14:28:38
./run.sh stop
20181126 14:28:53
./run.sh start
20181126 14:37:10
./run.sh start
20181126 14:56:08
./run.sh stop
20181217 10:35:47
./riskStorm/shell/run.sh start
20181217 10:43:31
./riskStorm/shell/run.sh start
20181217 10:44:20
./riskStorm/shell/run.sh stop
20181217 10:45:31
./riskStorm/shell/run.sh start
20181217 11:05:24
./run.sh stop
20181217 11:05:39
./run.sh start
20181217 11:10:54
./run.sh stop
20181217 11:11:19
./run.sh start
20181217 13:02:59
./riskStorm/shell/run.sh stop
20181218 08:57:04
./riskStorm/shell/run.sh start
20181218 09:18:42
./riskStorm/shell/run.sh stop
20181219 09:36:59
./run.sh start
