#
# There is insufficient memory for the Java Runtime Environment to continue.
# Native memory allocation (mmap) failed to map 5659557888 bytes for committing reserved memory.
# Possible reasons:
#   The system is out of physical RAM or swap space
#   In 32 bit mode, the process size limit was hit
# Possible solutions:
#   Reduce memory load on the system
#   Increase physical memory or swap space
#   Check if swap backing store is full
#   Use 64 bit Java on a 64 bit OS
#   Decrease Java heap size (-Xmx/-Xms)
#   Decrease number of Java threads
#   Decrease Java thread stack sizes (-Xss)
#   Set larger code cache with -XX:ReservedCodeCacheSize=
# This output file may be truncated or incomplete.
#
#  Out of Memory Error (os_linux.cpp:2627), pid=8236, tid=140660954466048
#
# JRE version:  (8.0_60-b27) (build )
# Java VM: Java HotSpot(TM) 64-Bit Server VM (25.60-b23 mixed mode linux-amd64 compressed oops)
# Failed to write core dump. Core dumps have been disabled. To enable core dumping, try "ulimit -c unlimited" before starting Java again
#

---------------  T H R E A D  ---------------

Current thread (0x00007fee28011000):  JavaThread "Unknown thread" [_thread_in_vm, id=8238, stack(0x00007fee2df98000,0x00007fee2e399000)]

Stack: [0x00007fee2df98000,0x00007fee2e399000],  sp=0x00007fee2e397300,  free space=4092k
Native frames: (J=compiled Java code, j=interpreted, Vv=VM code, C=native code)
V  [libjvm.so+0xab97ea]  VMError::report_and_die()+0x2ba
V  [libjvm.so+0x4f9dab]  report_vm_out_of_memory(char const*, int, unsigned long, VMErrorType, char const*)+0x8b
V  [libjvm.so+0x91a7c3]  os::Linux::commit_memory_impl(char*, unsigned long, bool)+0x103
V  [libjvm.so+0x91ad19]  os::pd_commit_memory(char*, unsigned long, unsigned long, bool)+0x29
V  [libjvm.so+0x91502a]  os::commit_memory(char*, unsigned long, unsigned long, bool)+0x2a
V  [libjvm.so+0xab5549]  VirtualSpace::expand_by(unsigned long, bool)+0x199
V  [libjvm.so+0xab609e]  VirtualSpace::initialize(ReservedSpace, unsigned long)+0xee
V  [libjvm.so+0x5f6891]  CardGeneration::CardGeneration(ReservedSpace, unsigned long, int, GenRemSet*)+0xf1
V  [libjvm.so+0xa5d17f]  TenuredGeneration::TenuredGeneration(ReservedSpace, unsigned long, int, GenRemSet*)+0x5f
V  [libjvm.so+0x5f7b99]  GenerationSpec::init(ReservedSpace, int, GenRemSet*)+0x339
V  [libjvm.so+0x5e663e]  GenCollectedHeap::initialize()+0x1de
V  [libjvm.so+0xa8218b]  Universe::initialize_heap()+0xfb
V  [libjvm.so+0xa824fe]  universe_init()+0x3e
V  [libjvm.so+0x6388a5]  init_globals()+0x65
V  [libjvm.so+0xa666fe]  Threads::create_vm(JavaVMInitArgs*, bool*)+0x23e
V  [libjvm.so+0x6ccd34]  JNI_CreateJavaVM+0x74
C  [libjli.so+0x745e]  JavaMain+0x9e
C  [libpthread.so.0+0x7dc5]  start_thread+0xc5


---------------  P R O C E S S  ---------------

Java Threads: ( => current thread )

Other Threads:

=>0x00007fee28011000 (exited) JavaThread "Unknown thread" [_thread_in_vm, id=8238, stack(0x00007fee2df98000,0x00007fee2e399000)]

VM state:not at safepoint (not fully initialized)

VM Mutex/Monitor currently owned by a thread: None

GC Heap History (0 events):
No events

Deoptimization events (0 events):
No events

Internal exceptions (0 events):
No events

Events (0 events):
No events


Dynamic libraries:
00400000-00401000 r-xp 00000000 08:03 76568743                           /home/quantdo/jdk1.8.0_60/bin/java
00600000-00601000 rw-p 00000000 08:03 76568743                           /home/quantdo/jdk1.8.0_60/bin/java
02388000-023a9000 rw-p 00000000 00:00 0                                  [heap]
5c6000000-66eaa0000 rw-p 00000000 00:00 0 
7fee19000000-7fee19270000 rwxp 00000000 00:00 0 
7fee19270000-7fee28000000 ---p 00000000 00:00 0 
7fee28000000-7fee2803c000 rw-p 00000000 00:00 0 
7fee2803c000-7fee2c000000 ---p 00000000 00:00 0 
7fee2c001000-7fee2c6dd000 rw-p 00000000 00:00 0 
7fee2c6dd000-7fee2d167000 ---p 00000000 00:00 0 
7fee2d167000-7fee2d172000 rw-p 00000000 00:00 0 
7fee2d172000-7fee2d528000 ---p 00000000 00:00 0 
7fee2d528000-7fee2d542000 r-xp 00000000 08:03 101278816                  /home/quantdo/jdk1.8.0_60/jre/lib/amd64/libzip.so
7fee2d542000-7fee2d742000 ---p 0001a000 08:03 101278816                  /home/quantdo/jdk1.8.0_60/jre/lib/amd64/libzip.so
7fee2d742000-7fee2d743000 rw-p 0001a000 08:03 101278816                  /home/quantdo/jdk1.8.0_60/jre/lib/amd64/libzip.so
7fee2d743000-7fee2d74e000 r-xp 00000000 08:03 67276850                   /usr/lib64/libnss_files-2.17.so
7fee2d74e000-7fee2d94d000 ---p 0000b000 08:03 67276850                   /usr/lib64/libnss_files-2.17.so
7fee2d94d000-7fee2d94e000 r--p 0000a000 08:03 67276850                   /usr/lib64/libnss_files-2.17.so
7fee2d94e000-7fee2d94f000 rw-p 0000b000 08:03 67276850                   /usr/lib64/libnss_files-2.17.so
7fee2d94f000-7fee2d955000 rw-p 00000000 00:00 0 
7fee2d955000-7fee2d97f000 r-xp 00000000 08:03 101278796                  /home/quantdo/jdk1.8.0_60/jre/lib/amd64/libjava.so
7fee2d97f000-7fee2db7f000 ---p 0002a000 08:03 101278796                  /home/quantdo/jdk1.8.0_60/jre/lib/amd64/libjava.so
7fee2db7f000-7fee2db81000 rw-p 0002a000 08:03 101278796                  /home/quantdo/jdk1.8.0_60/jre/lib/amd64/libjava.so
7fee2db81000-7fee2db8e000 r-xp 00000000 08:03 101278810                  /home/quantdo/jdk1.8.0_60/jre/lib/amd64/libverify.so
7fee2db8e000-7fee2dd8e000 ---p 0000d000 08:03 101278810                  /home/quantdo/jdk1.8.0_60/jre/lib/amd64/libverify.so
7fee2dd8e000-7fee2dd90000 rw-p 0000d000 08:03 101278810                  /home/quantdo/jdk1.8.0_60/jre/lib/amd64/libverify.so
7fee2dd90000-7fee2dd97000 r-xp 00000000 08:03 67276862                   /usr/lib64/librt-2.17.so
7fee2dd97000-7fee2df96000 ---p 00007000 08:03 67276862                   /usr/lib64/librt-2.17.so
7fee2df96000-7fee2df97000 r--p 00006000 08:03 67276862                   /usr/lib64/librt-2.17.so
7fee2df97000-7fee2df98000 rw-p 00007000 08:03 67276862                   /usr/lib64/librt-2.17.so
7fee2df98000-7fee2df9b000 ---p 00000000 00:00 0 
7fee2df9b000-7fee2e399000 rw-p 00000000 00:00 0                          [stack:8238]
7fee2e399000-7fee2e49a000 r-xp 00000000 08:03 67276840                   /usr/lib64/libm-2.17.so
7fee2e49a000-7fee2e699000 ---p 00101000 08:03 67276840                   /usr/lib64/libm-2.17.so
7fee2e699000-7fee2e69a000 r--p 00100000 08:03 67276840                   /usr/lib64/libm-2.17.so
7fee2e69a000-7fee2e69b000 rw-p 00101000 08:03 67276840                   /usr/lib64/libm-2.17.so
7fee2e69b000-7fee2f359000 r-xp 00000000 08:03 38948989                   /home/quantdo/jdk1.8.0_60/jre/lib/amd64/server/libjvm.so
7fee2f359000-7fee2f558000 ---p 00cbe000 08:03 38948989                   /home/quantdo/jdk1.8.0_60/jre/lib/amd64/server/libjvm.so
7fee2f558000-7fee2f630000 rw-p 00cbd000 08:03 38948989                   /home/quantdo/jdk1.8.0_60/jre/lib/amd64/server/libjvm.so
7fee2f630000-7fee2f675000 rw-p 00000000 00:00 0 
7fee2f675000-7fee2f82b000 r-xp 00000000 08:03 67276832                   /usr/lib64/libc-2.17.so
7fee2f82b000-7fee2fa2b000 ---p 001b6000 08:03 67276832                   /usr/lib64/libc-2.17.so
7fee2fa2b000-7fee2fa2f000 r--p 001b6000 08:03 67276832                   /usr/lib64/libc-2.17.so
7fee2fa2f000-7fee2fa31000 rw-p 001ba000 08:03 67276832                   /usr/lib64/libc-2.17.so
7fee2fa31000-7fee2fa36000 rw-p 00000000 00:00 0 
7fee2fa36000-7fee2fa39000 r-xp 00000000 08:03 67276838                   /usr/lib64/libdl-2.17.so
7fee2fa39000-7fee2fc38000 ---p 00003000 08:03 67276838                   /usr/lib64/libdl-2.17.so
7fee2fc38000-7fee2fc39000 r--p 00002000 08:03 67276838                   /usr/lib64/libdl-2.17.so
7fee2fc39000-7fee2fc3a000 rw-p 00003000 08:03 67276838                   /usr/lib64/libdl-2.17.so
7fee2fc3a000-7fee2fc4f000 r-xp 00000000 08:03 2435039                    /home/quantdo/jdk1.8.0_60/lib/amd64/jli/libjli.so
7fee2fc4f000-7fee2fe4f000 ---p 00015000 08:03 2435039                    /home/quantdo/jdk1.8.0_60/lib/amd64/jli/libjli.so
7fee2fe4f000-7fee2fe50000 rw-p 00015000 08:03 2435039                    /home/quantdo/jdk1.8.0_60/lib/amd64/jli/libjli.so
7fee2fe50000-7fee2fe66000 r-xp 00000000 08:03 67276858                   /usr/lib64/libpthread-2.17.so
7fee2fe66000-7fee30066000 ---p 00016000 08:03 67276858                   /usr/lib64/libpthread-2.17.so
7fee30066000-7fee30067000 r--p 00016000 08:03 67276858                   /usr/lib64/libpthread-2.17.so
7fee30067000-7fee30068000 rw-p 00017000 08:03 67276858                   /usr/lib64/libpthread-2.17.so
7fee30068000-7fee3006c000 rw-p 00000000 00:00 0 
7fee3006c000-7fee3008d000 r-xp 00000000 08:03 67273049                   /usr/lib64/ld-2.17.so
7fee30186000-7fee30279000 rw-p 00000000 00:00 0 
7fee3027f000-7fee30282000 rw-p 00000000 00:00 0 
7fee30282000-7fee3028a000 rw-s 00000000 08:03 104976015                  /tmp/hsperfdata_quantdo/8236
7fee3028a000-7fee3028b000 rw-p 00000000 00:00 0 
7fee3028b000-7fee3028c000 r--p 00000000 00:00 0 
7fee3028c000-7fee3028d000 rw-p 00000000 00:00 0 
7fee3028d000-7fee3028e000 r--p 00021000 08:03 67273049                   /usr/lib64/ld-2.17.so
7fee3028e000-7fee3028f000 rw-p 00022000 08:03 67273049                   /usr/lib64/ld-2.17.so
7fee3028f000-7fee30290000 rw-p 00000000 00:00 0 
7fff51d75000-7fff51d9c000 rw-p 00000000 00:00 0                          [stack]
7fff51dc6000-7fff51dc8000 r-xp 00000000 00:00 0                          [vdso]
ffffffffff600000-ffffffffff601000 r-xp 00000000 00:00 0                  [vsyscall]

VM Arguments:
jvm_args: -Xms8096m -Xmx8096m -Xss4096K -Dfile.encoding=UTF-8 -Duser.country=CN -Duser.language=zh 
java_command: com.quantdo.riskPlatform.service.RiskStormTopology
java_class_path (initial): /home/quantdo/riskStorm:/home/quantdo/riskStorm/frameworklib/FrameworkCore-1.0.0.jar:/home/quantdo/riskStorm/frameworklib/FrameworkService-1.0.0.jar:/home/quantdo/riskStorm/frameworklib/FrameworkJpa-1.0.0.jar:/home/quantdo/riskStorm/lib/common/antlr-2.7.7.jar:/home/quantdo/riskStorm/lib/common/aopalliance-1.0.jar:/home/quantdo/riskStorm/lib/common/apache-ant-1.8.2.jar:/home/quantdo/riskStorm/lib/common/aspectjrt-1.8.2.jar:/home/quantdo/riskStorm/lib/common/aspectjweaver-1.8.2.jar:/home/quantdo/riskStorm/lib/common/classmate-0.8.0.jar:/home/quantdo/riskStorm/lib/common/commons-beanutils-1.9.2.jar:/home/quantdo/riskStorm/lib/common/commons-codec-1.10.jar:/home/quantdo/riskStorm/lib/common/commons-collections-3.2.1.jar:/home/quantdo/riskStorm/lib/common/commons-collections4-4.0.jar:/home/quantdo/riskStorm/lib/common/commons-fileupload-1.3.jar:/home/quantdo/riskStorm/lib/common/commons-io-2.4.jar:/home/quantdo/riskStorm/lib/common/commons-jexl-2.1.1.jar:/home/quantdo/riskStorm/lib/common/commons-jexl3-3.0.jar:/home/quantdo/riskStorm/lib/common/commons-lang3-3.4.jar:/home/quantdo/riskStorm/lib/common/commons-net-3.3.jar:/home/quantdo/riskStorm/lib/common/commons-pool-1.6.jar:/home/quantdo/riskStorm/lib/common/commons-pool2-2.3.jar:/home/quantdo/riskStorm/lib/common/commons-vfs2-2.0.jar:/home/quantdo/riskStorm/lib/common/com.springsource.javax.inject_1.0.0.jar:/home/quantdo/riskStorm/lib/common/curator-client-2.9.1.jar:/home/quantdo/riskStorm/lib/common/curator-framework-2.9.1.jar:/home/quantdo/riskStorm/lib/common/curator-recipes-2.9.1.jar:/home/quantdo/riskStorm/lib/common/dom4j-1.6.jar:/home/quantdo/riskStorm/lib/common/fastdfs-client-java-1.25.jar:/home/quantdo/riskStorm/lib/common/fluent-hc-4.3.5.jar:/home/quantdo/riskStorm/lib/common/FrameworkHttp-1.0.0.jar:/home/quantdo/riskStorm/lib/common/freemarker-2.3.23.jar:/home/quantdo/riskStorm/lib/common/ganymed-1.3.jar:/home/quantdo/riskStorm/lib/common/gson-2.2.4.jar:/home/quantdo/riskStorm/l
Launcher Type: SUN_STANDARD

Environment Variables:
JAVA_HOME=/home/quantdo/jdk1.8.0_60
JRE_HOME=/home/quantdo/jdk1.8.0_60/jre
PATH=/home/quantdo/jdk1.8.0_60/bin:/home/quantdo/jdk1.8.0_60/bin:/usr/local/bin:/usr/bin:/usr/local/sbin:/usr/sbin:/home/quantdo/.local/bin:/home/quantdo/bin:/home/quantdo/.local/bin:/home/quantdo/bin
LD_LIBRARY_PATH=/lib:/usr/lib:.:/home/quantdo/riskStorm/resources
SHELL=/bin/bash

Signal Handlers:
SIGSEGV: [libjvm.so+0xaba070], sa_mask[0]=11111111011111111101111111111110, sa_flags=SA_RESTART|SA_SIGINFO
SIGBUS: [libjvm.so+0xaba070], sa_mask[0]=11111111011111111101111111111110, sa_flags=SA_RESTART|SA_SIGINFO
SIGFPE: [libjvm.so+0x917630], sa_mask[0]=11111111011111111101111111111110, sa_flags=SA_RESTART|SA_SIGINFO
SIGPIPE: [libjvm.so+0x917630], sa_mask[0]=11111111011111111101111111111110, sa_flags=SA_RESTART|SA_SIGINFO
SIGXFSZ: [libjvm.so+0x917630], sa_mask[0]=11111111011111111101111111111110, sa_flags=SA_RESTART|SA_SIGINFO
SIGILL: [libjvm.so+0x917630], sa_mask[0]=11111111011111111101111111111110, sa_flags=SA_RESTART|SA_SIGINFO
SIGUSR1: SIG_DFL, sa_mask[0]=00000000000000000000000000000000, sa_flags=none
SIGUSR2: [libjvm.so+0x918c60], sa_mask[0]=00000000000000000000000000000000, sa_flags=SA_RESTART|SA_SIGINFO
SIGHUP: SIG_IGN, sa_mask[0]=00000000000000000000000000000000, sa_flags=none
SIGINT: SIG_IGN, sa_mask[0]=00000000000000000000000000000000, sa_flags=none
SIGTERM: SIG_DFL, sa_mask[0]=00000000000000000000000000000000, sa_flags=none
SIGQUIT: SIG_IGN, sa_mask[0]=00000000000000000000000000000000, sa_flags=none


---------------  S Y S T E M  ---------------

OS:CentOS Linux release 7.2.1511 (Core) 

uname:Linux 3.10.0-327.el7.x86_64 #1 SMP Thu Nov 19 22:10:57 UTC 2015 x86_64
libc:glibc 2.17 NPTL 2.17 
rlimit: STACK 8192k, CORE 0k, NPROC 4096, NOFILE 4096, AS infinity
load average:0.04 0.22 0.31

/proc/meminfo:
MemTotal:        3866920 kB
MemFree:         1620652 kB
MemAvailable:    2322668 kB
Buffers:             932 kB
Cached:           844340 kB
SwapCached:            0 kB
Active:          1520648 kB
Inactive:         484924 kB
Active(anon):    1161216 kB
Inactive(anon):     8388 kB
Active(file):     359432 kB
Inactive(file):   476536 kB
Unevictable:           0 kB
Mlocked:               0 kB
SwapTotal:       2097148 kB
SwapFree:        2097148 kB
Dirty:                96 kB
Writeback:             0 kB
AnonPages:       1154232 kB
Mapped:           107140 kB
Shmem:              9280 kB
Slab:             111988 kB
SReclaimable:      69948 kB
SUnreclaim:        42040 kB
KernelStack:       11456 kB
PageTables:        18096 kB
NFS_Unstable:          0 kB
Bounce:                0 kB
WritebackTmp:          0 kB
CommitLimit:     4030608 kB
Committed_AS:    6487292 kB
VmallocTotal:   34359738367 kB
VmallocUsed:      175956 kB
VmallocChunk:   34359548752 kB
HardwareCorrupted:     0 kB
AnonHugePages:    718848 kB
HugePages_Total:       0
HugePages_Free:        0
HugePages_Rsvd:        0
HugePages_Surp:        0
Hugepagesize:       2048 kB
DirectMap4k:       79680 kB
DirectMap2M:     3065856 kB
DirectMap1G:     3145728 kB


CPU:total 1 (1 cores per cpu, 1 threads per core) family 6 model 78 stepping 3, cmov, cx8, fxsr, mmx, sse, sse2, sse3, ssse3, sse4.1, sse4.2, popcnt, avx, avx2, clmul, erms, 3dnowpref, lzcnt, tsc, tscinvbit, bmi1, bmi2, adx

/proc/cpuinfo:
processor	: 0
vendor_id	: GenuineIntel
cpu family	: 6
model		: 78
model name	: Intel(R) Core(TM) i5-6200U CPU @ 2.30GHz
stepping	: 3
microcode	: 0x88
cpu MHz		: 2400.080
cache size	: 3072 KB
physical id	: 0
siblings	: 1
core id		: 0
cpu cores	: 1
apicid		: 0
initial apicid	: 0
fpu		: yes
fpu_exception	: yes
cpuid level	: 22
wp		: yes
flags		: fpu vme de pse tsc msr pae mce cx8 apic sep mtrr pge mca cmov pat pse36 clflush dts mmx fxsr sse sse2 ss syscall nx pdpe1gb rdtscp lm constant_tsc arch_perfmon pebs bts nopl xtopology tsc_reliable nonstop_tsc aperfmperf eagerfpu pni pclmulqdq ssse3 fma cx16 pcid sse4_1 sse4_2 x2apic movbe popcnt tsc_deadline_timer xsave avx f16c rdrand hypervisor lahf_lm abm 3dnowprefetch ida arat epb pln pts dtherm hwp hwp_noitfy hwp_act_window hwp_epp fsgsbase tsc_adjust bmi1 avx2 smep bmi2 invpcid rdseed adx smap xsaveopt xsavec xgetbv1 xsaves
bogomips	: 4800.16
clflush size	: 64
cache_alignment	: 64
address sizes	: 42 bits physical, 48 bits virtual
power management:



Memory: 4k page, physical 3866920k(1620652k free), swap 2097148k(2097148k free)

vm_info: Java HotSpot(TM) 64-Bit Server VM (25.60-b23) for linux-amd64 JRE (1.8.0_60-b27), built on Aug  4 2015 12:19:40 by "java_re" with gcc 4.3.0 20080428 (Red Hat 4.3.0-8)

time: Mon Nov 26 14:18:10 2018
elapsed time: 0 seconds (0d 0h 0m 0s)

